2012/05/12 16:32:56 [error] [exception.CDbException] exception 'CDbException' with message 'CDbConnection failed to open the DB connection: SQLSTATE[28000] [1045] Access denied for user 'yiiblog'@'localhost' (using password: YES)' in D:\Google Drive\yiiblog\framework\db\CDbConnection.php:382
Stack trace:
#0 D:\Google Drive\yiiblog\framework\db\CDbConnection.php(331): CDbConnection->open()
#1 D:\Google Drive\yiiblog\framework\db\CDbConnection.php(309): CDbConnection->setActive(true)
#2 D:\Google Drive\yiiblog\framework\base\CModule.php(388): CDbConnection->init()
#3 D:\Google Drive\yiiblog\framework\base\CModule.php(104): CModule->getComponent('db')
#4 D:\Google Drive\yiiblog\framework\gii\generators\model\ModelCode.php(54): CModule->__get('db')
#5 D:\Google Drive\yiiblog\framework\web\CFormModel.php(40): ModelCode->init()
#6 D:\Google Drive\yiiblog\framework\gii\CCodeGenerator.php(152): CFormModel->__construct()
#7 D:\Google Drive\yiiblog\framework\gii\CCodeGenerator.php(64): CCodeGenerator->prepare()
#8 D:\Google Drive\yiiblog\framework\web\actions\CInlineAction.php(50): CCodeGenerator->actionIndex()
#9 D:\Google Drive\yiiblog\framework\web\CController.php(309): CInlineAction->runWithParams(Array)
#10 D:\Google Drive\yiiblog\framework\web\CController.php(287): CController->runAction(Object(CInlineAction))
#11 D:\Google Drive\yiiblog\framework\web\CController.php(266): CController->runActionWithFilters(Object(CInlineAction), Array)
#12 D:\Google Drive\yiiblog\framework\web\CWebApplication.php(276): CController->run('')
#13 D:\Google Drive\yiiblog\framework\web\CWebApplication.php(135): CWebApplication->runController('gii/model')
#14 D:\Google Drive\yiiblog\framework\base\CApplication.php(162): CWebApplication->processRequest()
#15 D:\Google Drive\yiiblog\index.php(13): CApplication->run()
#16 {main}
REQUEST_URI=/yiiblog/index.php/gii/model
HTTP_REFERER=http://localhost/yiiblog/index.php/gii/default/index
---
2012/05/12 16:33:51 [error] [exception.CDbException] exception 'CDbException' with message 'CDbConnection failed to open the DB connection: SQLSTATE[28000] [1045] Access denied for user 'yiiblog'@'localhost' (using password: YES)' in D:\Google Drive\yiiblog\framework\db\CDbConnection.php:382
Stack trace:
#0 D:\Google Drive\yiiblog\framework\db\CDbConnection.php(331): CDbConnection->open()
#1 D:\Google Drive\yiiblog\framework\db\CDbConnection.php(309): CDbConnection->setActive(true)
#2 D:\Google Drive\yiiblog\framework\base\CModule.php(388): CDbConnection->init()
#3 D:\Google Drive\yiiblog\framework\base\CModule.php(104): CModule->getComponent('db')
#4 D:\Google Drive\yiiblog\framework\gii\generators\model\ModelCode.php(54): CModule->__get('db')
#5 D:\Google Drive\yiiblog\framework\web\CFormModel.php(40): ModelCode->init()
#6 D:\Google Drive\yiiblog\framework\gii\CCodeGenerator.php(152): CFormModel->__construct()
#7 D:\Google Drive\yiiblog\framework\gii\CCodeGenerator.php(64): CCodeGenerator->prepare()
#8 D:\Google Drive\yiiblog\framework\web\actions\CInlineAction.php(50): CCodeGenerator->actionIndex()
#9 D:\Google Drive\yiiblog\framework\web\CController.php(309): CInlineAction->runWithParams(Array)
#10 D:\Google Drive\yiiblog\framework\web\CController.php(287): CController->runAction(Object(CInlineAction))
#11 D:\Google Drive\yiiblog\framework\web\CController.php(266): CController->runActionWithFilters(Object(CInlineAction), Array)
#12 D:\Google Drive\yiiblog\framework\web\CWebApplication.php(276): CController->run('')
#13 D:\Google Drive\yiiblog\framework\web\CWebApplication.php(135): CWebApplication->runController('gii/model')
#14 D:\Google Drive\yiiblog\framework\base\CApplication.php(162): CWebApplication->processRequest()
#15 D:\Google Drive\yiiblog\index.php(13): CApplication->run()
#16 {main}
REQUEST_URI=/yiiblog/index.php/gii/model
HTTP_REFERER=http://localhost/yiiblog/index.php/gii/default/index
---
2012/05/12 16:33:52 [error] [exception.CDbException] exception 'CDbException' with message 'CDbConnection failed to open the DB connection: SQLSTATE[28000] [1045] Access denied for user 'yiiblog'@'localhost' (using password: YES)' in D:\Google Drive\yiiblog\framework\db\CDbConnection.php:382
Stack trace:
#0 D:\Google Drive\yiiblog\framework\db\CDbConnection.php(331): CDbConnection->open()
#1 D:\Google Drive\yiiblog\framework\db\CDbConnection.php(309): CDbConnection->setActive(true)
#2 D:\Google Drive\yiiblog\framework\base\CModule.php(388): CDbConnection->init()
#3 D:\Google Drive\yiiblog\framework\base\CModule.php(104): CModule->getComponent('db')
#4 D:\Google Drive\yiiblog\framework\gii\generators\model\ModelCode.php(54): CModule->__get('db')
#5 D:\Google Drive\yiiblog\framework\web\CFormModel.php(40): ModelCode->init()
#6 D:\Google Drive\yiiblog\framework\gii\CCodeGenerator.php(152): CFormModel->__construct()
#7 D:\Google Drive\yiiblog\framework\gii\CCodeGenerator.php(64): CCodeGenerator->prepare()
#8 D:\Google Drive\yiiblog\framework\web\actions\CInlineAction.php(50): CCodeGenerator->actionIndex()
#9 D:\Google Drive\yiiblog\framework\web\CController.php(309): CInlineAction->runWithParams(Array)
#10 D:\Google Drive\yiiblog\framework\web\CController.php(287): CController->runAction(Object(CInlineAction))
#11 D:\Google Drive\yiiblog\framework\web\CController.php(266): CController->runActionWithFilters(Object(CInlineAction), Array)
#12 D:\Google Drive\yiiblog\framework\web\CWebApplication.php(276): CController->run('')
#13 D:\Google Drive\yiiblog\framework\web\CWebApplication.php(135): CWebApplication->runController('gii/model')
#14 D:\Google Drive\yiiblog\framework\base\CApplication.php(162): CWebApplication->processRequest()
#15 D:\Google Drive\yiiblog\index.php(13): CApplication->run()
#16 {main}
REQUEST_URI=/yiiblog/index.php/gii/model
---
2012/05/12 16:35:43 [error] [system.db.CDbCommand] CDbCommand::fetchAll() failed: SQLSTATE[42S02]: Base table or view not found: 1146 Table 'yiiblog.user' doesn't exist. The SQL statement executed was: SHOW COLUMNS FROM `user`.
in D:\Google Drive\yiiblog\index.php (13)
